david;perez;alvarado;dvd;cl34 no 23-41;davidperez24@utp.edu.co;movil:3108986616;:;:;:;:;
david;perez;alvarado;dvd;cl34 no 23-41;davidperez24@utp.edu.co;movil:3108986616                ;perez:;perez:perez;perez:perez;perez:perez;
david;perez;alvarado;dvd;cl34 no 23-41;davidperez24@utp.edu.co;movil:3108986616               ;perez:;perez:perez;perez:perez;perez:perez;
david;perez;alvarado;dvd;cl34 no 23-41;davidperez24@utp.edu.co;movil:3108986616              ;perez:;perez:perez;perez:perez;perez:perez;
david;perez;alvarado;dvd;cl34 no 23-41;davidperez24@utp.edu.co;movil:3108986616             ;perez:;perez:perez;perez:perez;perez:perez;
david;perez;alvarado;dvd;cl34 no 23-41;davidperez24@utp.edu.co;movil:3108986616            ;perez:;perez:perez;perez:perez;perez:perez;
david;perez;alvarado;dvd;cl34 no 23-41;davidperez24@utp.edu.co;movil:3108986616           ;perez:;perez:perez;perez:perez;perez:perez;
david;perez;alvarado;dvd;cl34 no 23-41;davidperez24@utp.edu.co;movil:3108986616          ;perez:;perez:perez;perez:perez;perez:perez;
david;perez;alvarado;dvd;cl34 no 23-41;davidperez24@utp.edu.co;movil:3108986616         ;perez:;perez:perez;perez:perez;perez:perez;
david;perez;alvarado;dvd;cl34 no 23-41;davidperez24@utp.edu.co;movil:3108986616        ;perez:;perez:perez;perez:perez;perez:perez;
david;perez;alvarado;dvd;cl34 no 23-41;davidperez24@utp.edu.co;movil:3108986616       ;perez:;perez:perez;perez:perez;perez:perez;
david;perez;alvarado;dvd;cl34 no 23-41;davidperez24@utp.edu.co;movil:3108986616      ;perez:;perez:perez;perez:perez;perez:perez;
david;perez;alvarado;dvd;cl34 no 23-41;davidperez24@utp.edu.co;movil:3108986616     ;perez:;perez:perez;perez:perez;perez:perez;
david;perez;alvarado;dvd;cl34 no 23-41;davidperez24@utp.edu.co;movil:3108986616    ;perez:;perez:perez;perez:perez;perez:perez;
david;perez;alvarado;dvd;cl34 no 23-41;davidperez24@utp.edu.co;movil:3108986616   ;perez:;perez:perez;perez:perez;perez:perez;
david;perez;alvarado;dvd;cl34 no 23-41;davidperez24@utp.edu.co;movil:3108986616  ;perez:;perez:perez;perez:perez;perez:perez;
david;perez;alvarado;dvd;cl34 no 23-41;davidperez24@utp.edu.co;movil:3108986616 ;perez:;perez:perez;perez:perez;perez:perez;
david;perez;alvarado;dvd;cl34 no 23-41;davidperez24@utp.edu.co;movil:3108986616d ;perez:;perez:perez;perez:perez;perez:perez;
david;perez;alvarado;dvd;cl34 no 23-41;davidperez24@utp.edu.co;movil:3108 986616            ;perez:;perez:perez;perez:perez;perez:perez;
David;Perez;Alvarado;dvd;cl34 no 23-41;davidperez24@utp.edu.co;Movil:3;Ljava/lang/String;:2;CC:1;:;:;
David;Perez;Alvarado;dvd;cl34 no 23-41;davidperez24@utp.edu.co;Movil:4;Ljava/lang/String;:5;CC:6;:;:;
