/*C1*/SET SCHEMA SYSTEM_LOBS
INSERT INTO BLOCKS VALUES(0,2147483647,0)
COMMIT
/*C2*/SET SCHEMA PUBLIC
create table persona (cedula integer not null, nombre varchar(20) not null, primerapellido varchar(20) not null, segundoapellido varchar(20) not null, telefonoCasa varchar(20), telefonoMovil varchar(20) not null, primary key (cedula))
create table prestamo (NumPrestamo integer not null, CC_Solicitante integer not null, Cantidad double not null, fecha_de_Solicitud date not null, estadoDeAprobacion integer not null, fecha_de_devolucion date not null, Valor_Cuota double not null, Cantidad_cuotas integer not null, "Cuotas pagadas" integer not null, Proxima_Cuota date not null, Fecha_Entrega date not null, Saldo_Pendiente double not null, primary key (NumPrestamo))
alter table prestamo add constraint FK_irerrufyac2b84q37kdhk5rje foreign key (CC_Solicitante) references persona
INSERT INTO PERSONA VALUES(10030619,'Cesar Augusto','Diaz','Arriaga',NULL,'31021521551')
COMMIT
INSERT INTO PERSONA VALUES(1097405178,'David','Perez','Alvarado',NULL,'3108986616')
COMMIT
INSERT INTO PRESTAMO VALUES(1,10030619,6000000.0E0,'2019-03-01',0,'1899-12-31',1200000.0E0,6,0,'1899-12-31','1899-12-31',0.0E0)
COMMIT
INSERT INTO PRESTAMO VALUES(2,1097405178,5000000.0E0,'2019-03-01',0,'1899-12-31',1000000.0E0,6,0,'1899-12-31','1899-12-31',0.0E0)
COMMIT
DELETE FROM PRESTAMO WHERE NUMPRESTAMO=1
INSERT INTO PRESTAMO VALUES(1,10030619,6000000.0E0,'2019-03-01',1,'2019-09-08',1200000.0E0,6,0,'2019-03-31','2019-03-11',7200000.0E0)
COMMIT
DELETE FROM PRESTAMO WHERE NUMPRESTAMO=2
INSERT INTO PRESTAMO VALUES(2,1097405178,5000000.0E0,'2019-03-01',1,'2019-09-08',1000000.0E0,6,0,'2019-03-31','2019-03-11',6000000.0E0)
COMMIT
INSERT INTO PERSONA VALUES(109,'pepito','perez','fonseca',NULL,'31031321')
COMMIT
DELETE FROM PRESTAMO WHERE NUMPRESTAMO=1
INSERT INTO PRESTAMO VALUES(1,10030619,6000000.0E0,'2019-03-01',1,'2019-09-08',1200000.0E0,6,1,'2019-04-30','2019-03-11',6000000.0E0)
COMMIT
DELETE FROM PRESTAMO WHERE NUMPRESTAMO=2
INSERT INTO PRESTAMO VALUES(2,1097405178,5000000.0E0,'2019-03-01',1,'2019-09-08',1000000.0E0,6,1,'2019-04-30','2019-03-11',5000000.0E0)
COMMIT
DELETE FROM PRESTAMO WHERE NUMPRESTAMO=1
INSERT INTO PRESTAMO VALUES(1,10030619,6000000.0E0,'2019-03-01',1,'2019-09-08',1200000.0E0,6,2,'2019-05-30','2019-03-11',4800000.0E0)
COMMIT
DELETE FROM PRESTAMO WHERE NUMPRESTAMO=2
INSERT INTO PRESTAMO VALUES(2,1097405178,5000000.0E0,'2019-03-01',1,'2019-09-08',1000000.0E0,6,2,'2019-05-30','2019-03-11',4000000.0E0)
COMMIT
DELETE FROM PRESTAMO WHERE NUMPRESTAMO=1
INSERT INTO PRESTAMO VALUES(1,10030619,6000000.0E0,'2019-03-01',1,'2019-09-08',1200000.0E0,6,3,'2019-06-29','2019-03-11',3600000.0E0)
COMMIT
DELETE FROM PRESTAMO WHERE NUMPRESTAMO=2
INSERT INTO PRESTAMO VALUES(2,1097405178,5000000.0E0,'2019-03-01',1,'2019-09-08',1000000.0E0,6,3,'2019-06-29','2019-03-11',3000000.0E0)
COMMIT
INSERT INTO PRESTAMO VALUES(3,109,500000.0E0,'2019-06-01',0,'1899-12-31',100000.0E0,6,0,'1899-12-31','1899-12-31',0.0E0)
COMMIT
DELETE FROM PRESTAMO WHERE NUMPRESTAMO=3
INSERT INTO PRESTAMO VALUES(3,109,500000.0E0,'2019-06-01',1,'2019-12-06',100000.0E0,6,0,'2019-07-06','2019-06-08',600000.0E0)
COMMIT
DELETE FROM PRESTAMO WHERE NUMPRESTAMO=1
INSERT INTO PRESTAMO VALUES(1,10030619,6000000.0E0,'2019-03-01',1,'2019-09-08',1200000.0E0,6,4,'2019-07-29','2019-03-11',2400000.0E0)
COMMIT
DELETE FROM PRESTAMO WHERE NUMPRESTAMO=2
INSERT INTO PRESTAMO VALUES(2,1097405178,5000000.0E0,'2019-03-01',1,'2019-09-08',1000000.0E0,6,4,'2019-07-29','2019-03-11',2000000.0E0)
COMMIT
DELETE FROM PRESTAMO WHERE NUMPRESTAMO=3
INSERT INTO PRESTAMO VALUES(3,109,500000.0E0,'2019-06-01',1,'2019-12-06',100000.0E0,6,1,'2019-08-05','2019-06-08',500000.0E0)
COMMIT
DELETE FROM PRESTAMO WHERE NUMPRESTAMO=1
INSERT INTO PRESTAMO VALUES(1,10030619,6000000.0E0,'2019-03-01',1,'2019-09-08',1200000.0E0,6,5,'2019-08-28','2019-03-11',1200000.0E0)
COMMIT
DELETE FROM PRESTAMO WHERE NUMPRESTAMO=2
INSERT INTO PRESTAMO VALUES(2,1097405178,5000000.0E0,'2019-03-01',1,'2019-09-08',1000000.0E0,6,5,'2019-08-28','2019-03-11',1000000.0E0)
COMMIT
DELETE FROM PRESTAMO WHERE NUMPRESTAMO=3
INSERT INTO PRESTAMO VALUES(3,109,500000.0E0,'2019-06-01',1,'2019-12-06',100000.0E0,6,2,'2019-09-04','2019-06-08',400000.0E0)
COMMIT
DELETE FROM PRESTAMO WHERE NUMPRESTAMO=1
INSERT INTO PRESTAMO VALUES(1,10030619,6000000.0E0,'2019-03-01',2,'2019-09-08',1200000.0E0,6,6,'2019-08-28','2019-03-11',0.0E0)
COMMIT
DELETE FROM PRESTAMO WHERE NUMPRESTAMO=2
INSERT INTO PRESTAMO VALUES(2,1097405178,5000000.0E0,'2019-03-01',2,'2019-09-08',1000000.0E0,6,6,'2019-08-28','2019-03-11',0.0E0)
COMMIT
DELETE FROM PRESTAMO WHERE NUMPRESTAMO=3
INSERT INTO PRESTAMO VALUES(3,109,500000.0E0,'2019-06-01',1,'2019-12-06',100000.0E0,6,3,'2019-10-04','2019-06-08',300000.0E0)
COMMIT
DELETE FROM PRESTAMO WHERE NUMPRESTAMO=3
INSERT INTO PRESTAMO VALUES(3,109,500000.0E0,'2019-06-01',1,'2019-12-06',100000.0E0,6,4,'2019-11-03','2019-06-08',200000.0E0)
COMMIT
DELETE FROM PRESTAMO WHERE NUMPRESTAMO=3
INSERT INTO PRESTAMO VALUES(3,109,500000.0E0,'2019-06-01',1,'2019-12-06',100000.0E0,6,5,'2019-12-03','2019-06-08',100000.0E0)
COMMIT
DELETE FROM PRESTAMO WHERE NUMPRESTAMO=3
INSERT INTO PRESTAMO VALUES(3,109,500000.0E0,'2019-06-01',2,'2019-12-06',100000.0E0,6,6,'2019-12-03','2019-06-08',0.0E0)
COMMIT
INSERT INTO PRESTAMO VALUES(4,109,500000.0E0,'2019-12-04',0,'1899-12-31',100000.0E0,6,0,'1899-12-31','1899-12-31',0.0E0)
COMMIT
DELETE FROM PRESTAMO WHERE NUMPRESTAMO=4
INSERT INTO PRESTAMO VALUES(4,109,500000.0E0,'2019-12-04',1,'2020-06-12',100000.0E0,6,0,'2020-01-02','2019-12-11',600000.0E0)
COMMIT
DELETE FROM PRESTAMO WHERE NUMPRESTAMO=4
INSERT INTO PRESTAMO VALUES(4,109,500000.0E0,'2019-12-04',1,'2020-06-12',100000.0E0,6,1,'2020-02-01','2019-12-11',500000.0E0)
COMMIT
DELETE FROM PRESTAMO WHERE NUMPRESTAMO=4
INSERT INTO PRESTAMO VALUES(4,109,500000.0E0,'2019-12-04',1,'2020-06-12',100000.0E0,6,2,'2020-03-02','2019-12-11',400000.0E0)
COMMIT
DELETE FROM PRESTAMO WHERE NUMPRESTAMO=4
INSERT INTO PRESTAMO VALUES(4,109,500000.0E0,'2019-12-04',1,'2020-06-12',100000.0E0,6,3,'2020-04-01','2019-12-11',300000.0E0)
COMMIT
DELETE FROM PRESTAMO WHERE NUMPRESTAMO=4
INSERT INTO PRESTAMO VALUES(4,109,500000.0E0,'2019-12-04',1,'2020-06-12',100000.0E0,6,4,'2020-05-01','2019-12-11',200000.0E0)
COMMIT
DELETE FROM PRESTAMO WHERE NUMPRESTAMO=4
INSERT INTO PRESTAMO VALUES(4,109,500000.0E0,'2019-12-04',1,'2020-06-12',100000.0E0,6,5,'2020-05-31','2019-12-11',100000.0E0)
COMMIT
DELETE FROM PRESTAMO WHERE NUMPRESTAMO=4
INSERT INTO PRESTAMO VALUES(4,109,500000.0E0,'2019-12-04',2,'2020-06-12',100000.0E0,6,6,'2020-05-31','2019-12-11',0.0E0)
COMMIT
